<?xml version="1.0" encoding="UTF-8"?>
<testsuite xmlns:xsi="http://www.w3.org/2001/XMLSchema-instance" xsi:noNamespaceSchemaLocation="https://maven.apache.org/surefire/maven-surefire-plugin/xsd/surefire-test-report-3.0.xsd" version="3.0" name="com.soulmv.hospitalar.integration.AuthFlowIntegrationTest" time="54.526" tests="4" errors="0" skipped="0" failures="0">
  <properties>
[...]
</properties>
  <testcase name="login_comSenhaInvalida_retorna401" classname="com.soulmv.hospitalar.integration.AuthFlowIntegrationTest" time="3.659">
    <system-out><![CDATA[22:58:21.205 [main] INFO org.springframework.test.context.support.AnnotationConfigContextLoaderUtils -- Could not detect default configuration classes for test class [com.soulmv.hospitalar.integration.AuthFlowIntegrationTest]: AuthFlowIntegrationTest does not declare any static, non-private, non-final, nested classes annotated with @Configuration.
22:58:22.135 [main] INFO org.springframework.boot.test.context.SpringBootTestContextBootstrapper -- Found @SpringBootConfiguration com.soulmv.hospitalar.HospitalarApplication for test class com.soulmv.hospitalar.integration.AuthFlowIntegrationTest
22:58:23.276 [main] INFO org.springframework.boot.devtools.restart.RestartApplicationListener -- Restart disabled due to context in which it is running
  .   ____          _            __ _ _
 /\\ / ___'_ __ _ _(_)_ __  __ _ \ \ \ \
( ( )\___ | '_ | '_| | '_ \/ _` | \ \ \ \
 \\/  ___)| |_)| | | | | || (_| |  ) ) ) )
  '  |____| .__|_| |_|_| |_\__, | / / / /
 =========|_|==============|___/=/_/_/_/

 :: Spring Boot ::                (v3.3.0)

2026-06-11T22:58:24.598-03:00  INFO 11308 --- [hospitalar] [           main] c.s.h.i.AuthFlowIntegrationTest          : Starting AuthFlowIntegrationTest using Java 21.0.8 with PID 11308 (started by taryj in F:\Dev\Prontuario_eletronico)
2026-06-11T22:58:24.601-03:00  INFO 11308 --- [hospitalar] [           main] c.s.h.i.AuthFlowIntegrationTest          : The following 1 profile is active: "dev"
2026-06-11T22:58:29.393-03:00  INFO 11308 --- [hospitalar] [           main] .s.d.r.c.RepositoryConfigurationDelegate : Bootstrapping Spring Data JPA repositories in DEFAULT mode.
2026-06-11T22:58:29.922-03:00  INFO 11308 --- [hospitalar] [           main] .s.d.r.c.RepositoryConfigurationDelegate : Finished Spring Data repository scanning in 502 ms. Found 23 JPA repository interfaces.
2026-06-11T22:58:35.045-03:00  INFO 11308 --- [hospitalar] [           main] o.hibernate.jpa.internal.util.LogHelper  : HHH000204: Processing PersistenceUnitInfo [name: default]
2026-06-11T22:58:35.848-03:00  INFO 11308 --- [hospitalar] [           main] org.hibernate.Version                    : HHH000412: Hibernate ORM core version 6.5.2.Final
2026-06-11T22:58:36.148-03:00  INFO 11308 --- [hospitalar] [           main] o.h.c.internal.RegionFactoryInitiator    : HHH000026: Second-level cache disabled
2026-06-11T22:58:38.719-03:00  INFO 11308 --- [hospitalar] [           main] o.s.o.j.p.SpringPersistenceUnitInfo      : No LoadTimeWeaver setup: ignoring JPA class transformer
2026-06-11T22:58:38.942-03:00  INFO 11308 --- [hospitalar] [           main] com.zaxxer.hikari.HikariDataSource       : HikariPool-1 - Starting...
2026-06-11T22:58:40.722-03:00  INFO 11308 --- [hospitalar] [           main] com.zaxxer.hikari.pool.HikariPool        : HikariPool-1 - Added connection conn0: url=jdbc:h2:mem:hospitalardb user=SA
2026-06-11T22:58:40.733-03:00  INFO 11308 --- [hospitalar] [           main] com.zaxxer.hikari.HikariDataSource       : HikariPool-1 - Start completed.
2026-06-11T22:58:40.913-03:00  WARN 11308 --- [hospitalar] [           main] org.hibernate.orm.deprecation            : HHH90000025: H2Dialect does not need to be specified explicitly using 'hibernate.dialect' (remove the property setting and it will be selected by default)
2026-06-11T22:58:50.425-03:00  INFO 11308 --- [hospitalar] [           main] o.h.e.t.j.p.i.JtaPlatformInitiator       : HHH000489: No JTA platform available (set 'hibernate.transaction.jta.platform' to enable JTA platform integration)
Hibernate: 
    create table administracoes_medicamento (
        id bigint generated by default as identity,
        atualizado_em timestamp(6),
        criado_em timestamp(6),
        data_hora_administracao timestamp(6) not null,
        observacao varchar(255),
        status enum ('ADMINISTRADO','NAO_ADMINISTRADO','RECUSADO') not null,
        enfermeiro_id bigint not null,
        item_prescricao_id bigint not null,
        primary key (id)
    )
Hibernate: 
    create table anamneses (
        id bigint generated by default as identity,
        atualizado_em timestamp(6),
        criado_em timestamp(6),
        alergias varchar(255),
        antecedentes clob,
        data_hora timestamp(6) not null,
        exame_fisico clob,
        historia_doenca_atual clob,
        atendimento_id bigint not null,
        medico_id bigint not null,
        primary key (id)
    )
Hibernate: 
    create table anexos (
        id bigint generated by default as identity,
        atualizado_em timestamp(6),
        criado_em timestamp(6),
        content_type varchar(255),
        nome_armazenado varchar(255) not null,
        nome_original varchar(255) not null,
        tamanho bigint not null,
        enviado_por_id bigint,
        primary key (id)
    )
Hibernate: 
    create table atendimentos (
        id bigint generated by default as identity,
        atualizado_em timestamp(6),
        criado_em timestamp(6),
        data_alta timestamp(6),
        data_entrada timestamp(6) not null,
        queixa_principal varchar(1000),
        status enum ('AGUARDANDO_ATENDIMENTO','AGUARDANDO_EXAME','AGUARDANDO_TRIAGEM','ALTA','CANCELADO','EM_ATENDIMENTO','EM_TRIAGEM','INTERNADO') not null,
        tipo enum ('AMBULATORIAL','EMERGENCIA','INTERNACAO') not null,
        leito_id bigint,
        paciente_id bigint not null,
        profissional_responsavel_id bigint,
        setor_id bigint not null,
        primary key (id)
    )
Hibernate: 
    create table cid10 (
        id bigint generated by default as identity,
        atualizado_em timestamp(6),
        criado_em timestamp(6),
        codigo varchar(255) not null,
        descricao varchar(255) not null,
        primary key (id)
    )
Hibernate: 
    create table contas_hospitalares (
        id bigint generated by default as identity,
        atualizado_em timestamp(6),
        criado_em timestamp(6),
        data_fechamento timestamp(6),
        status enum ('ABERTA','CANCELADA','FATURADA','FECHADA','GLOSADA') not null,
        valor_total numeric(14,2) not null,
        atendimento_id bigint not null,
        convenio_id bigint,
        primary key (id)
    )
Hibernate: 
    create table convenios (
        id bigint generated by default as identity,
        atualizado_em timestamp(6),
        criado_em timestamp(6),
        ativo boolean not null,
        nome varchar(255) not null,
        registro_ans varchar(255),
        tipo enum ('PARTICULAR','PLANO_SAUDE','SUS') not null,
        primary key (id)
    )
Hibernate: 
    create table diagnosticos (
        id bigint generated by default as identity,
        atualizado_em timestamp(6),
        criado_em timestamp(6),
        data_hora timestamp(6) not null,
        observacao varchar(255),
        tipo enum ('PRINCIPAL','SECUNDARIO') not null,
        atendimento_id bigint not null,
        cid10_id bigint not null,
        medico_id bigint not null,
        primary key (id)
    )
Hibernate: 
    create table evolucoes_clinicas (
        id bigint generated by default as identity,
        atualizado_em timestamp(6),
        criado_em timestamp(6),
        data_hora timestamp(6) not null,
        texto clob not null,
        tipo enum ('ENFERMAGEM','MEDICA') not null,
        atendimento_id bigint not null,
        autor_id bigint not null,
        primary key (id)
    )
Hibernate: 
    create table guias_tiss (
        id bigint generated by default as identity,
        atualizado_em timestamp(6),
        criado_em timestamp(6),
        data_geracao timestamp(6) not null,
        numero_guia varchar(255) not null,
        status enum ('ENVIADA','GERADA','GLOSADA','PAGA') not null,
        xml clob not null,
        conta_id bigint not null,
        primary key (id)
    )
Hibernate: 
    create table itens_conta (
        id bigint generated by default as identity,
        atualizado_em timestamp(6),
        criado_em timestamp(6),
        quantidade integer not null,
        valor_total numeric(14,2) not null,
        valor_unitario numeric(12,2) not null,
        conta_id bigint not null,
        procedimento_id bigint not null,
        primary key (id)
    )
Hibernate: 
    create table itens_prescricao (
        id bigint generated by default as identity,
        atualizado_em timestamp(6),
        criado_em timestamp(6),
        dose varchar(255) not null,
        duracao varchar(255),
        frequencia varchar(255),
        observacao varchar(255),
        via enum ('INALATORIA','INTRAMUSCULAR','INTRAVENOSA','ORAL','OUTRA','RETAL','SUBCUTANEA','TOPICA'),
        medicamento_id bigint not null,
        prescricao_id bigint not null,
        primary key (id)
    )
Hibernate: 
    create table leitos (
        id bigint generated by default as identity,
        atualizado_em timestamp(6),
        criado_em timestamp(6),
        ativo boolean not null,
        identificador varchar(255) not null,
        status enum ('HIGIENIZACAO','INTERDITADO','LIVRE','MANUTENCAO','OCUPADO') not null,
        setor_id bigint not null,
        primary key (id)
    )
Hibernate: 
    create table logs_auditoria (
        id bigint generated by default as identity,
        caminho varchar(500) not null,
        data_hora timestamp(6) not null,
        ip varchar(255),
        metodo varchar(255) not null,
        status integer not null,
        usuario_login varchar(255) not null,
        primary key (id)
    )
Hibernate: 
    create table medicamentos (
        id bigint generated by default as identity,
        atualizado_em timestamp(6),
        criado_em timestamp(6),
        ativo boolean not null,
        concentracao varchar(255),
        controlado boolean not null,
        nome varchar(255) not null,
        principio_ativo varchar(255),
        primary key (id)
    )
Hibernate: 
    create table pacientes (
        id bigint generated by default as identity,
        atualizado_em timestamp(6),
        criado_em timestamp(6),
        cartao_sus varchar(255),
        cpf varchar(11) not null,
        data_nascimento date not null,
        email varchar(255),
        bairro varchar(255),
        cep varchar(255),
        cidade varchar(255),
        complemento varchar(255),
        logradouro varchar(255),
        numero varchar(255),
        uf varchar(255),
        nome varchar(255) not null,
        numero_carteirinha varchar(255),
        sexo enum ('FEMININO','MASCULINO','NAO_INFORMADO','OUTRO'),
        telefone varchar(255),
        convenio_id bigint,
        primary key (id)
    )
Hibernate: 
    create table prescricoes (
        id bigint generated by default as identity,
        atualizado_em timestamp(6),
        criado_em timestamp(6),
        data_hora timestamp(6) not null,
        observacao varchar(255),
        status enum ('ATIVA','ENCERRADA','SUSPENSA') not null,
        atendimento_id bigint not null,
        medico_id bigint not null,
        primary key (id)
    )
Hibernate: 
    create table procedimentos_tuss (
        id bigint generated by default as identity,
        atualizado_em timestamp(6),
        criado_em timestamp(6),
        ativo boolean not null,
        codigo_tuss varchar(255) not null,
        descricao varchar(255) not null,
        valor_referencia numeric(12,2),
        primary key (id)
    )
Hibernate: 
    create table resultados_exame (
        id bigint generated by default as identity,
        atualizado_em timestamp(6),
        criado_em timestamp(6),
        data_liberacao timestamp(6),
        resultado_texto clob,
        laudo_anexo_id bigint,
        liberado_por_id bigint not null,
        solicitacao_id bigint not null,
        primary key (id)
    )
Hibernate: 
    create table setores (
        id bigint generated by default as identity,
        atualizado_em timestamp(6),
        criado_em timestamp(6),
        ativo boolean not null,
        descricao varchar(255),
        nome varchar(255) not null,
        tipo enum ('ADMINISTRATIVO','AMBULATORIO','APOIO_DIAGNOSTICO','CENTRO_CIRURGICO','EMERGENCIA','INTERNACAO','UTI') not null,
        primary key (id)
    )
Hibernate: 
    create table sinais_vitais (
        id bigint generated by default as identity,
        atualizado_em timestamp(6),
        criado_em timestamp(6),
        data_hora timestamp(6) not null,
        escala_dor integer,
        frequencia_cardiaca integer,
        frequencia_respiratoria integer,
        glicemia integer,
        pressao_diastolica integer,
        pressao_sistolica integer,
        saturacaoo2 integer,
        temperatura numeric(4,1),
        atendimento_id bigint not null,
        registrado_por_id bigint not null,
        primary key (id)
    )
Hibernate: 
    create table solicitacoes_exame (
        id bigint generated by default as identity,
        atualizado_em timestamp(6),
        criado_em timestamp(6),
        data_solicitacao timestamp(6) not null,
        observacao varchar(255),
        status enum ('CANCELADO','COLETADO','EM_ANALISE','LIBERADO','SOLICITADO') not null,
        tipo_exame varchar(255) not null,
        atendimento_id bigint not null,
        medico_solicitante_id bigint not null,
        primary key (id)
    )
Hibernate: 
    create table triagens (
        id bigint generated by default as identity,
        atualizado_em timestamp(6),
        criado_em timestamp(6),
        classificacao_risco enum ('AMARELO','AZUL','LARANJA','VERDE','VERMELHO') not null,
        data_hora timestamp(6) not null,
        observacao varchar(1000),
        atendimento_id bigint not null,
        enfermeiro_id bigint not null,
        primary key (id)
    )
Hibernate: 
    create table usuario_roles (
        usuario_id bigint not null,
        role enum ('ADMIN','ENFERMEIRO','FATURAMENTO','MEDICO','PACIENTE','RECEPCAO') not null,
        primary key (usuario_id, role)
    )
Hibernate: 
    create table usuarios (
        id bigint generated by default as identity,
        atualizado_em timestamp(6),
        criado_em timestamp(6),
        ativo boolean not null,
        email varchar(255) not null,
        login varchar(255) not null,
        nome_completo varchar(255) not null,
        paciente_id bigint,
        profissional_id bigint,
        senha_hash varchar(255) not null,
        primary key (id)
    )
Hibernate: 
    alter table if exists anamneses 
       drop constraint if exists UKgvxdiieclewoxp4vdnyx67ny7
Hibernate: 
    alter table if exists anamneses 
       add constraint UKgvxdiieclewoxp4vdnyx67ny7 unique (atendimento_id)
Hibernate: 
    alter table if exists cid10 
       drop constraint if exists UKbpj6lo1fpj4va6b69x3i7usoy
Hibernate: 
    alter table if exists cid10 
       add constraint UKbpj6lo1fpj4va6b69x3i7usoy unique (codigo)
Hibernate: 
    alter table if exists contas_hospitalares 
       drop constraint if exists UK71ad988jo1rw99yp7agv65aw5
Hibernate: 
    alter table if exists contas_hospitalares 
       add constraint UK71ad988jo1rw99yp7agv65aw5 unique (atendimento_id)
Hibernate: 
    alter table if exists convenios 
       drop constraint if exists UKskkcono4q0awcktpi5gkpxfll
Hibernate: 
    alter table if exists convenios 
       add constraint UKskkcono4q0awcktpi5gkpxfll unique (nome)
Hibernate: 
    alter table if exists guias_tiss 
       drop constraint if exists UK3800gu39mvy3uyhvtgmnhtufu
Hibernate: 
    alter table if exists guias_tiss 
       add constraint UK3800gu39mvy3uyhvtgmnhtufu unique (numero_guia)
Hibernate: 
    alter table if exists leitos 
       drop constraint if exists uk_leito_setor_identificador
Hibernate: 
    alter table if exists leitos 
       add constraint uk_leito_setor_identificador unique (setor_id, identificador)
Hibernate: 
    alter table if exists pacientes 
       drop constraint if exists UK1mj2svx930q0tkx1d18qa9rtf
Hibernate: 
    alter table if exists pacientes 
       add constraint UK1mj2svx930q0tkx1d18qa9rtf unique (cpf)
Hibernate: 
    alter table if exists procedimentos_tuss 
       drop constraint if exists UKsugp5ytue1cufk791dcwo2hrn
Hibernate: 
    alter table if exists procedimentos_tuss 
       add constraint UKsugp5ytue1cufk791dcwo2hrn unique (codigo_tuss)
Hibernate: 
    alter table if exists resultados_exame 
       drop constraint if exists UKiqja5fmbfnjvfyphieyrpi5ab
Hibernate: 
    alter table if exists resultados_exame 
       add constraint UKiqja5fmbfnjvfyphieyrpi5ab unique (solicitacao_id)
Hibernate: 
    alter table if exists setores 
       drop constraint if exists UK5o7y799ifk4cvkcguy948x9p7
Hibernate: 
    alter table if exists setores 
       add constraint UK5o7y799ifk4cvkcguy948x9p7 unique (nome)
Hibernate: 
    alter table if exists triagens 
       drop constraint if exists UKy2ur8tvhvgt1jhmvsyymymlq
Hibernate: 
    alter table if exists triagens 
       add constraint UKy2ur8tvhvgt1jhmvsyymymlq unique (atendimento_id)
Hibernate: 
    alter table if exists usuarios 
       drop constraint if exists UKkfsp0s1tflm1cwlj8idhqsad0
Hibernate: 
    alter table if exists usuarios 
       add constraint UKkfsp0s1tflm1cwlj8idhqsad0 unique (email)
Hibernate: 
    alter table if exists usuarios 
       drop constraint if exists UKr8oo98o39ykr4hi57md9nibmw
Hibernate: 
    alter table if exists usuarios 
       add constraint UKr8oo98o39ykr4hi57md9nibmw unique (login)
Hibernate: 
    alter table if exists administracoes_medicamento 
       add constraint FKgjwnqok4wmhxvxsfty0nxegmo 
       foreign key (enfermeiro_id) 
       references usuarios
Hibernate: 
    alter table if exists administracoes_medicamento 
       add constraint FKeqpo4p8bac6awufwmwafhhn0r 
       foreign key (item_prescricao_id) 
       references itens_prescricao
Hibernate: 
    alter table if exists anamneses 
       add constraint FK1wrlaaw3u1a1ijhnc8c11i5p9 
       foreign key (atendimento_id) 
       references atendimentos
Hibernate: 
    alter table if exists anamneses 
       add constraint FKcnuwjrp5lf1ecq7sbmvyevoxy 
       foreign key (medico_id) 
       references usuarios
Hibernate: 
    alter table if exists anexos 
       add constraint FKrisj7vajf39vp7d3so285tvu 
       foreign key (enviado_por_id) 
       references usuarios
Hibernate: 
    alter table if exists atendimentos 
       add constraint FK411chjj67p6q4asijwbarw5ey 
       foreign key (leito_id) 
       references leitos
Hibernate: 
    alter table if exists atendimentos 
       add constraint FK3pffnfx4jqrrp9ff1hfg7ckg3 
       foreign key (paciente_id) 
       references pacientes
Hibernate: 
    alter table if exists atendimentos 
       add constraint FKc1962qp8igprsofjoi9tm9stb 
       foreign key (profissional_responsavel_id) 
       references usuarios
Hibernate: 
    alter table if exists atendimentos 
       add constraint FKji169m210plhtbxcjqr0xjn00 
       foreign key (setor_id) 
       references setores
Hibernate: 
    alter table if exists contas_hospitalares 
       add constraint FKdo76oa410ne3l04lmn8g7fnoa 
       foreign key (atendimento_id) 
       references atendimentos
Hibernate: 
    alter table if exists contas_hospitalares 
       add constraint FKkthuw0b6a2ljqbxe2dgn9uxvb 
       foreign key (convenio_id) 
       references convenios
Hibernate: 
    alter table if exists diagnosticos 
       add constraint FKg1x9twcrs7hvwue3d1pdk9d9x 
       foreign key (atendimento_id) 
       references atendimentos
Hibernate: 
    alter table if exists diagnosticos 
       add constraint FKoxs5mkxccr124gugq7otylnt7 
       foreign key (cid10_id) 
       references cid10
Hibernate: 
    alter table if exists diagnosticos 
       add constraint FKkmwrl33xj66podmjr11pdd297 
       foreign key (medico_id) 
       references usuarios
Hibernate: 
    alter table if exists evolucoes_clinicas 
       add constraint FKet5aj9hfgsydh242gu748lvta 
       foreign key (atendimento_id) 
       references atendimentos
Hibernate: 
    alter table if exists evolucoes_clinicas 
       add constraint FKjycycpyc5ge3cxtr2hfinkkns 
       foreign key (autor_id) 
       references usuarios
Hibernate: 
    alter table if exists guias_tiss 
       add constraint FK78q4ao15e2tqr52afo6rl7cup 
       foreign key (conta_id) 
       references contas_hospitalares
Hibernate: 
    alter table if exists itens_conta 
       add constraint FK9osn6a99lt4w19kwal03fg6ht 
       foreign key (conta_id) 
       references contas_hospitalares
Hibernate: 
    alter table if exists itens_conta 
       add constraint FK6to1n9h1vkdy3n6thrihkchi7 
       foreign key (procedimento_id) 
       references procedimentos_tuss
Hibernate: 
    alter table if exists itens_prescricao 
       add constraint FKsb8io5sehd3xvhn2owpooud1g 
       foreign key (medicamento_id) 
       references medicamentos
Hibernate: 
    alter table if exists itens_prescricao 
       add constraint FK86o2qo3v4i0l6a1v05j61qpgy 
       foreign key (prescricao_id) 
       references prescricoes
Hibernate: 
    alter table if exists leitos 
       add constraint FKs8v9bqiie1j5mv8hw4p2veey1 
       foreign key (setor_id) 
       references setores
Hibernate: 
    alter table if exists pacientes 
       add constraint FKeurapsbkmbbavej0ijrpajl1p 
       foreign key (convenio_id) 
       references convenios
Hibernate: 
    alter table if exists prescricoes 
       add constraint FKl0l323o2jihh29h1v5dclbeb9 
       foreign key (atendimento_id) 
       references atendimentos
Hibernate: 
    alter table if exists prescricoes 
       add constraint FKb3wuy4gl3qgcyxj643181j8ay 
       foreign key (medico_id) 
       references usuarios
Hibernate: 
    alter table if exists resultados_exame 
       add constraint FKjlrx2aqfwtw4qnwyuqeqfvu65 
       foreign key (laudo_anexo_id) 
       references anexos
Hibernate: 
    alter table if exists resultados_exame 
       add constraint FKmkbw5mkglty9gf0u5d3j72qb7 
       foreign key (liberado_por_id) 
       references usuarios
Hibernate: 
    alter table if exists resultados_exame 
       add constraint FK24xl46k6rkc64r1rar7bly9im 
       foreign key (solicitacao_id) 
       references solicitacoes_exame
Hibernate: 
    alter table if exists sinais_vitais 
       add constraint FKlmj21wspcko5lvwniopt9fyic 
       foreign key (atendimento_id) 
       references atendimentos
Hibernate: 
    alter table if exists sinais_vitais 
       add constraint FK7jgmnqlk0d4dfryf8ie902ndu 
       foreign key (registrado_por_id) 
       references usuarios
Hibernate: 
    alter table if exists solicitacoes_exame 
       add constraint FKcrfng9332tlwwmh572cdlgnk0 
       foreign key (atendimento_id) 
       references atendimentos
Hibernate: 
    alter table if exists solicitacoes_exame 
       add constraint FKhx0rung2nu85mefbr5jkqm0tb 
       foreign key (medico_solicitante_id) 
       references usuarios
Hibernate: 
    alter table if exists triagens 
       add constraint FK9vx8upn4uuk2xo9ocqk0e1csc 
       foreign key (atendimento_id) 
       references atendimentos
Hibernate: 
    alter table if exists triagens 
       add constraint FKhexin73v4jh3boetj8qy8xq9e 
       foreign key (enfermeiro_id) 
       references usuarios
Hibernate: 
    alter table if exists usuario_roles 
       add constraint FKuu9tea04xb29m2km5lwe46ua 
       foreign key (usuario_id) 
       references usuarios
2026-06-11T22:58:52.502-03:00  INFO 11308 --- [hospitalar] [           main] j.LocalContainerEntityManagerFactoryBean : Initialized JPA EntityManagerFactory for persistence unit 'default'
2026-06-11T22:58:58.013-03:00  INFO 11308 --- [hospitalar] [           main] eAuthenticationProviderManagerConfigurer : Global AuthenticationManager configured with AuthenticationProvider bean with name authenticationProvider
2026-06-11T22:58:58.017-03:00  WARN 11308 --- [hospitalar] [           main] r$InitializeUserDetailsManagerConfigurer : Global AuthenticationManager configured with an AuthenticationProvider bean. UserDetailsService beans will not be used for username/password login. Consider removing the AuthenticationProvider bean. Alternatively, consider using the UserDetailsService in a manually instantiated DaoAuthenticationProvider.
2026-06-11T22:58:58.507-03:00  INFO 11308 --- [hospitalar] [           main] o.s.d.j.r.query.QueryEnhancerFactory     : Hibernate is in classpath; If applicable, HQL parser will be used.
2026-06-11T22:59:04.317-03:00  WARN 11308 --- [hospitalar] [           main] JpaBaseConfiguration$JpaWebConfiguration : spring.jpa.open-in-view is enabled by default. Therefore, database queries may be performed during view rendering. Explicitly configure spring.jpa.open-in-view to disable this warning
2026-06-11T22:59:06.076-03:00  INFO 11308 --- [hospitalar] [           main] o.s.s.web.DefaultSecurityFilterChain     : Will secure any request with [org.springframework.security.web.session.DisableEncodeUrlFilter@2bab73fd, org.springframework.security.web.context.request.async.WebAsyncManagerIntegrationFilter@7ce00985, org.springframework.security.web.context.SecurityContextHolderFilter@310ff09e, org.springframework.security.web.header.HeaderWriterFilter@74b57299, org.springframework.web.filter.CorsFilter@257f8040, org.springframework.security.web.authentication.logout.LogoutFilter@3f008bb6, com.soulmv.hospitalar.security.JwtAuthenticationFilter@2d73aa17, org.springframework.security.web.savedrequest.RequestCacheAwareFilter@260d5273, org.springframework.security.web.servletapi.SecurityContextHolderAwareRequestFilter@b3b67e2, org.springframework.security.web.authentication.AnonymousAuthenticationFilter@476a0071, org.springframework.security.web.session.SessionManagementFilter@b939971, org.springframework.security.web.access.ExceptionTranslationFilter@18365e98, org.springframework.security.web.access.intercept.AuthorizationFilter@4b0393ee]
2026-06-11T22:59:07.647-03:00  INFO 11308 --- [hospitalar] [           main] o.s.b.a.h2.H2ConsoleAutoConfiguration    : H2 console available at '/h2-console'. Database available at 'jdbc:h2:mem:hospitalardb'
2026-06-11T22:59:08.042-03:00  INFO 11308 --- [hospitalar] [           main] o.s.b.t.m.w.SpringBootMockServletContext : Initializing Spring TestDispatcherServlet ''
2026-06-11T22:59:08.043-03:00  INFO 11308 --- [hospitalar] [           main] o.s.t.web.servlet.TestDispatcherServlet  : Initializing Servlet ''
2026-06-11T22:59:08.047-03:00  INFO 11308 --- [hospitalar] [           main] o.s.t.web.servlet.TestDispatcherServlet  : Completed initialization in 4 ms
2026-06-11T22:59:08.187-03:00  INFO 11308 --- [hospitalar] [           main] c.s.h.i.AuthFlowIntegrationTest          : Started AuthFlowIntegrationTest in 44.963 seconds (process running for 52.987)
Hibernate: 
    select
        count(*) 
    from
        usuarios u1_0
Hibernate: 
    insert 
    into
        usuarios
        (ativo, atualizado_em, criado_em, email, login, nome_completo, paciente_id, profissional_id, senha_hash, id) 
    values
        (?, ?, ?, ?, ?, ?, ?, ?, ?, default)
Hibernate: 
    insert 
    into
        usuario_roles
        (usuario_id, role) 
    values
        (?, ?)
2026-06-11T22:59:09.218-03:00  WARN 11308 --- [hospitalar] [           main] c.soulmv.hospitalar.config.DataSeeder    : ==================================================================
2026-06-11T22:59:09.219-03:00  WARN 11308 --- [hospitalar] [           main] c.soulmv.hospitalar.config.DataSeeder    :  ADMIN inicial criado -> login: 'admin' / senha: 'admin123'
2026-06-11T22:59:09.220-03:00  WARN 11308 --- [hospitalar] [           main] c.soulmv.hospitalar.config.DataSeeder    :  ALTERE esta senha em produção (variáveis ADMIN_LOGIN/ADMIN_SENHA).
2026-06-11T22:59:09.220-03:00  WARN 11308 --- [hospitalar] [           main] c.soulmv.hospitalar.config.DataSeeder    : ==================================================================
Hibernate: 
    select
        u1_0.id,
        u1_0.ativo,
        u1_0.atualizado_em,
        u1_0.criado_em,
        u1_0.email,
        u1_0.login,
        u1_0.nome_completo,
        u1_0.paciente_id,
        u1_0.profissional_id,
        u1_0.senha_hash 
    from
        usuarios u1_0 
    where
        u1_0.login=?
Hibernate: 
    select
        r1_0.usuario_id,
        r1_0.role 
    from
        usuario_roles r1_0 
    where
        r1_0.usuario_id=?
]]></system-out>
    <system-err><![CDATA[WARNING: A Java agent has been loaded dynamically (C:\Users\taryj\.m2\repository\net\bytebuddy\byte-buddy-agent\1.14.16\byte-buddy-agent-1.14.16.jar)
WARNING: If a serviceability tool is in use, please run with -XX:+EnableDynamicAgentLoading to hide this warning
WARNING: If a serviceability tool is not in use, please run with -Djdk.instrument.traceUsage for more information
WARNING: Dynamic loading of agents will be disallowed by default in a future release
]]></system-err>
  </testcase>
  <testcase name="usuarios_semToken_retorna401" classname="com.soulmv.hospitalar.integration.AuthFlowIntegrationTest" time="0.032"/>
  <testcase name="usuarios_comTokenAdmin_retorna200" classname="com.soulmv.hospitalar.integration.AuthFlowIntegrationTest" time="1.318">
    <system-out><![CDATA[Hibernate: 
    select
        u1_0.id,
        u1_0.ativo,
        u1_0.atualizado_em,
        u1_0.criado_em,
        u1_0.email,
        u1_0.login,
        u1_0.nome_completo,
        u1_0.paciente_id,
        u1_0.profissional_id,
        u1_0.senha_hash 
    from
        usuarios u1_0 
    where
        u1_0.login=?
Hibernate: 
    select
        r1_0.usuario_id,
        r1_0.role 
    from
        usuario_roles r1_0 
    where
        r1_0.usuario_id=?
Hibernate: 
    select
        u1_0.id,
        u1_0.ativo,
        u1_0.atualizado_em,
        u1_0.criado_em,
        u1_0.email,
        u1_0.login,
        u1_0.nome_completo,
        u1_0.paciente_id,
        u1_0.profissional_id,
        u1_0.senha_hash 
    from
        usuarios u1_0 
    where
        u1_0.login=?
Hibernate: 
    select
        u1_0.id,
        u1_0.ativo,
        u1_0.atualizado_em,
        u1_0.criado_em,
        u1_0.email,
        u1_0.login,
        u1_0.nome_completo,
        u1_0.paciente_id,
        u1_0.profissional_id,
        u1_0.senha_hash 
    from
        usuarios u1_0 
    where
        u1_0.login=?
Hibernate: 
    select
        r1_0.usuario_id,
        r1_0.role 
    from
        usuario_roles r1_0 
    where
        r1_0.usuario_id=?
Hibernate: 
    select
        u1_0.id,
        u1_0.ativo,
        u1_0.atualizado_em,
        u1_0.criado_em,
        u1_0.email,
        u1_0.login,
        u1_0.nome_completo,
        u1_0.paciente_id,
        u1_0.profissional_id,
        u1_0.senha_hash 
    from
        usuarios u1_0 
    order by
        u1_0.nome_completo 
    offset
        ? rows 
    fetch
        first ? rows only
Hibernate: 
    select
        r1_0.usuario_id,
        r1_0.role 
    from
        usuario_roles r1_0 
    where
        r1_0.usuario_id=?
2026-06-11T22:59:14.242-03:00  WARN 11308 --- [hospitalar] [           main] PageModule$PlainPageSerializationWarning : Serializing PageImpl instances as-is is not supported, meaning that there is no guarantee about the stability of the resulting JSON structure!
	For a stable JSON structure, please use Spring Data's PagedModel (globally via @EnableSpringDataWebSupport(pageSerializationMode = VIA_DTO))
	or Spring HATEOAS and Spring Data's PagedResourcesAssembler as documented in https://docs.spring.io/spring-data/commons/reference/repositories/core-extensions.html#core.web.pageables.

Hibernate: 
    insert 
    into
        logs_auditoria
        (caminho, data_hora, ip, metodo, status, usuario_login, id) 
    values
        (?, ?, ?, ?, ?, ?, default)
]]></system-out>
  </testcase>
  <testcase name="login_comCredenciaisValidas_retornaToken" classname="com.soulmv.hospitalar.integration.AuthFlowIntegrationTest" time="0.221">
    <system-out><![CDATA[Hibernate: 
    select
        u1_0.id,
        u1_0.ativo,
        u1_0.atualizado_em,
        u1_0.criado_em,
        u1_0.email,
        u1_0.login,
        u1_0.nome_completo,
        u1_0.paciente_id,
        u1_0.profissional_id,
        u1_0.senha_hash 
    from
        usuarios u1_0 
    where
        u1_0.login=?
Hibernate: 
    select
        r1_0.usuario_id,
        r1_0.role 
    from
        usuario_roles r1_0 
    where
        r1_0.usuario_id=?
Hibernate: 
    select
        u1_0.id,
        u1_0.ativo,
        u1_0.atualizado_em,
        u1_0.criado_em,
        u1_0.email,
        u1_0.login,
        u1_0.nome_completo,
        u1_0.paciente_id,
        u1_0.profissional_id,
        u1_0.senha_hash 
    from
        usuarios u1_0 
    where
        u1_0.login=?
]]></system-out>
  </testcase>
</testsuite>