<?xml version="1.0" encoding="UTF-8"?>
<testsuite xmlns:xsi="http://www.w3.org/2001/XMLSchema-instance" xsi:noNamespaceSchemaLocation="https://maven.apache.org/surefire/maven-surefire-plugin/xsd/surefire-test-report-3.0.xsd" version="3.0" name="com.soulmv.hospitalar.service.AtendimentoServiceTest" time="4.104" tests="3" errors="0" skipped="0" failures="0">
  <properties>
[...]
</properties>
  <testcase name="atualizarStatus_deveFalhar_quandoAtendimentoEncerrado" classname="com.soulmv.hospitalar.service.AtendimentoServiceTest" time="3.94"/>
  <testcase name="alocarLeito_deveFalhar_quandoLeitoOcupado" classname="com.soulmv.hospitalar.service.AtendimentoServiceTest" time="0.053"/>
  <testcase name="darAlta_deveEncerrarAtendimento_eLiberarLeito" classname="com.soulmv.hospitalar.service.AtendimentoServiceTest" time="0.053"/>
</testsuite>